<?xml version="1.0" encoding="UTF-8"?>
<testng-results ignored="0" total="1" passed="1" failed="0" skipped="0">
  <reporter-output>
  </reporter-output>
  <suite started-at="2023-05-02T11:55:35 IST" name="Default suite" finished-at="2023-05-02T11:55:35 IST" duration-ms="111">
    <groups>
    </groups>
    <test started-at="2023-05-02T11:55:35 IST" name="Default test" finished-at="2023-05-02T11:55:35 IST" duration-ms="111">
      <class name="practice.DemoTest">
        <test-method signature="method()[pri:0, instance:practice.DemoTest@40ef3420]" started-at="2023-05-02T11:55:35 IST" name="method" finished-at="2023-05-02T11:55:35 IST" duration-ms="32" status="PASS">
          <reporter-output>
          </reporter-output>
        </test-method> <!-- method -->
      </class> <!-- practice.DemoTest -->
    </test> <!-- Default test -->
  </suite> <!-- Default suite -->
</testng-results>
