<?xml version="1.0" encoding="UTF-8"?>
<testng-results ignored="0" total="1" passed="1" failed="0" skipped="0">
  <reporter-output>
  </reporter-output>
  <suite started-at="2023-04-20T18:46:59 IST" name="Default suite" finished-at="2023-04-20T18:47:11 IST" duration-ms="12299">
    <groups>
    </groups>
    <test started-at="2023-04-20T18:46:59 IST" name="Default test" finished-at="2023-04-20T18:47:11 IST" duration-ms="12299">
      <class name="practice.Parameters">
        <test-method signature="m1()[pri:0, instance:practice.Parameters@2a798d51]" started-at="2023-04-20T18:46:59 IST" name="m1" finished-at="2023-04-20T18:47:11 IST" duration-ms="12255" status="PASS">
          <reporter-output>
          </reporter-output>
        </test-method> <!-- m1 -->
      </class> <!-- practice.Parameters -->
    </test> <!-- Default test -->
  </suite> <!-- Default suite -->
</testng-results>
